{
  "stats": {
    "suites": 1,
    "tests": 1,
    "passes": 0,
    "pending": 0,
    "failures": 1,
    "start": "2023-04-03T12:00:33.070Z",
    "end": "2023-04-03T12:00:43.088Z",
    "duration": 10018,
    "testsRegistered": 1,
    "passPercent": 0,
    "pendingPercent": 0,
    "other": 0,
    "hasOther": false,
    "skipped": 0,
    "hasSkipped": false
  },
  "results": [
    {
      "uuid": "0bc30b25-41fa-4992-b013-2e6ef7adb39d",
      "title": "",
      "fullFile": "cypress/integration/login.spec.js",
      "file": "cypress/integration/login.spec.js",
      "beforeHooks": [],
      "afterHooks": [],
      "tests": [],
      "suites": [
        {
          "uuid": "154c977e-bb5d-4d5c-94f9-6be13b02fd49",
          "title": "Login:",
          "fullFile": "",
          "file": "",
          "beforeHooks": [],
          "afterHooks": [],
          "tests": [
            {
              "title": "Verify Login with invalid credentals",
              "fullTitle": "Login: Verify Login with invalid credentals",
              "timedOut": null,
              "duration": 9967,
              "state": "failed",
              "speed": null,
              "pass": false,
              "fail": true,
              "pending": false,
              "context": null,
              "code": "cy.get('#email').type('as@gan.com');\ncy.get('[type=\"password\"]').type('absssdd');\ncy.get('[type=\"submit\"]').click();\ncy.url().should('include', '/abc');",
              "err": {
                "message": "AssertionError: Timed out retrying after 4000ms: expected 'https://portal-staging.prescribewellness.com/login/' to include '/abc'",
                "estack": "AssertionError: Timed out retrying after 4000ms: expected 'https://portal-staging.prescribewellness.com/login/' to include '/abc'\n    at Context.eval (https://portal-staging.prescribewellness.com/__cypress/tests?p=cypress\\integration\\login.spec.js:117:14)",
                "diff": null
              },
              "uuid": "9bfb63e2-d6e3-4e14-9e59-9608687bf8ce",
              "parentUUID": "154c977e-bb5d-4d5c-94f9-6be13b02fd49",
              "isHook": false,
              "skipped": false
            }
          ],
          "suites": [],
          "passes": [],
          "failures": [
            "9bfb63e2-d6e3-4e14-9e59-9608687bf8ce"
          ],
          "pending": [],
          "skipped": [],
          "duration": 9967,
          "root": false,
          "rootEmpty": false,
          "_timeout": 2000
        }
      ],
      "passes": [],
      "failures": [],
      "pending": [],
      "skipped": [],
      "duration": 0,
      "root": true,
      "rootEmpty": true,
      "_timeout": 2000
    }
  ],
  "meta": {
    "mocha": {
      "version": "7.0.1"
    },
    "mochawesome": {
      "options": {
        "quiet": false,
        "reportFilename": "mochawesome",
        "saveHtml": false,
        "saveJson": true,
        "consoleReporter": "spec",
        "useInlineDiffs": false,
        "code": true
      },
      "version": "6.3.1"
    },
    "marge": {
      "options": {
        "id": "default",
        "reportDir": "cypress/reports/mocha",
        "quite": true,
        "overwrite": false,
        "html": false,
        "json": true
      },
      "version": "5.2.0"
    }
  }
}