{
  "stats": {
    "suites": 1,
    "tests": 2,
    "passes": 0,
    "pending": 0,
    "failures": 2,
    "start": "2023-04-04T18:11:47.789Z",
    "end": "2023-04-04T18:11:58.855Z",
    "duration": 10998,
    "testsRegistered": 2,
    "passPercent": 0,
    "pendingPercent": 0,
    "other": 0,
    "hasOther": false,
    "skipped": 0,
    "hasSkipped": false
  },
  "results": [
    {
      "uuid": "4d9417b3-53a5-40c3-ad27-61df04b798ee",
      "title": "",
      "fullFile": "cypress/integration/login.spec.js",
      "file": "cypress/integration/login.spec.js",
      "beforeHooks": [],
      "afterHooks": [],
      "tests": [],
      "suites": [
        {
          "uuid": "7bec3c64-4e5f-4684-b97a-e146d6a181e9",
          "title": "Login:",
          "fullFile": "",
          "file": "",
          "beforeHooks": [],
          "afterHooks": [],
          "tests": [
            {
              "title": "Verify Login with invalid credentals",
              "fullTitle": "Login: Verify Login with invalid credentals",
              "timedOut": null,
              "duration": 10202,
              "state": "failed",
              "speed": null,
              "pass": false,
              "fail": true,
              "pending": false,
              "context": null,
              "code": "cy.get('#email').type('as@gan.com');\ncy.get('[type=\"password\"]').type('absssdd');\ncy.get('[type=\"submit\"]').click();\ncy.url().should('include', '/abc');",
              "err": {
                "message": "AssertionError: Timed out retrying after 4000ms: expected 'https://portal-staging.prescribewellness.com/login/' to include '/abc'",
                "estack": "AssertionError: Timed out retrying after 4000ms: expected 'https://portal-staging.prescribewellness.com/login/' to include '/abc'\n    at Context.eval (https://portal-staging.prescribewellness.com/__cypress/tests?p=cypress\\integration\\login.spec.js:117:14)",
                "diff": null
              },
              "uuid": "efd21e15-6ecc-4fe4-9652-2d80c9ef2ad3",
              "parentUUID": "7bec3c64-4e5f-4684-b97a-e146d6a181e9",
              "isHook": false,
              "skipped": false
            },
            {
              "title": "Verify Login with valid credentals",
              "fullTitle": "Login: Verify Login with valid credentals",
              "timedOut": null,
              "duration": 796,
              "state": "failed",
              "speed": null,
              "pass": false,
              "fail": true,
              "pending": false,
              "context": null,
              "code": "cy.get('#email').type();\ncy.get('[type=\"password\"]').type();\ncy.get('[type=\"submit\"]').click();\ncy.url().should('include');",
              "err": {
                "message": "CypressError: `cy.type()` can only accept a string or number. You passed in: `undefined`\n\nhttps://on.cypress.io/type",
                "estack": "CypressError: `cy.type()` can only accept a string or number. You passed in: `undefined`\n\nhttps://on.cypress.io/type\n    at Context.type (https://portal-staging.prescribewellness.com/__cypress/runner/cypress_runner.js:151593:76)\n    at Context.<anonymous> (https://portal-staging.prescribewellness.com/__cypress/runner/cypress_runner.js:169861:23)\nFrom Your Spec Code:\n    at Context.eval (https://portal-staging.prescribewellness.com/__cypress/tests?p=cypress\\integration\\login.spec.js:120:22)",
                "diff": null
              },
              "uuid": "24eb888c-0391-48d4-b87d-adab6d9d5277",
              "parentUUID": "7bec3c64-4e5f-4684-b97a-e146d6a181e9",
              "isHook": false,
              "skipped": false
            }
          ],
          "suites": [],
          "passes": [],
          "failures": [
            "efd21e15-6ecc-4fe4-9652-2d80c9ef2ad3",
            "24eb888c-0391-48d4-b87d-adab6d9d5277"
          ],
          "pending": [],
          "skipped": [],
          "duration": 10998,
          "root": false,
          "rootEmpty": false,
          "_timeout": 2000
        }
      ],
      "passes": [],
      "failures": [],
      "pending": [],
      "skipped": [],
      "duration": 0,
      "root": true,
      "rootEmpty": true,
      "_timeout": 2000
    }
  ],
  "meta": {
    "mocha": {
      "version": "7.0.1"
    },
    "mochawesome": {
      "options": {
        "quiet": false,
        "reportFilename": "mochawesome",
        "saveHtml": false,
        "saveJson": true,
        "consoleReporter": "spec",
        "useInlineDiffs": false,
        "code": true
      },
      "version": "6.3.1"
    },
    "marge": {
      "options": {
        "id": "default",
        "reportDir": "cypress/reports/mocha",
        "quite": true,
        "overwrite": false,
        "html": false,
        "json": true
      },
      "version": "5.2.0"
    }
  }
}